#
# There is insufficient memory for the Java Runtime Environment to continue.
# Native memory allocation (mmap) failed to map 268435456 bytes. Error detail: G1 virtual space
# Possible reasons:
#   The system is out of physical RAM or swap space
#   This process is running with CompressedOops enabled, and the Java Heap may be blocking the growth of the native heap
# Possible solutions:
#   Reduce memory load on the system
#   Increase physical memory or swap space
#   Check if swap backing store is full
#   Decrease Java heap size (-Xmx/-Xms)
#   Decrease number of Java threads
#   Decrease Java thread stack sizes (-Xss)
#   Set larger code cache with -XX:ReservedCodeCacheSize=
#   JVM is running with Zero Based Compressed Oops mode in which the Java heap is
#     placed in the first 32GB address space. The Java Heap base address is the
#     maximum limit for the native heap growth. Please use -XX:HeapBaseMinAddress
#     to set the Java Heap base and to place the Java Heap above 32GB virtual address.
# This output file may be truncated or incomplete.
#
#  Out of Memory Error (os_windows.cpp:3554), pid=2696, tid=24568
#
# JRE version:  (25.0+36) (build )
# Java VM: OpenJDK 64-Bit Server VM (25+36-3489, mixed mode, sharing, tiered, compressed oops, compressed class ptrs, g1 gc, windows-amd64)
# No core dump will be written. Minidumps are not enabled by default on client versions of Windows
#

---------------  S U M M A R Y ------------

Command Line: -javaagent:D:\IntelliJ IDEA 2025.2.3\lib\idea_rt.jar=50698 -Dfile.encoding=UTF-8 -Dsun.stdout.encoding=UTF-8 -Dsun.stderr.encoding=UTF-8 --module-path=C:\Users\arthu\.m2\repository\org\openjfx\javafx-graphics\21\javafx-graphics-21-win.jar;C:\Users\arthu\.m2\repository\io\github\cdimascio\dotenv-java\3.0.0\dotenv-java-3.0.0.jar;C:\Users\arthu\.m2\repository\org\openjfx\javafx-base\21\javafx-base-21-win.jar;C:\Users\arthu\.m2\repository\org\postgresql\postgresql\42.7.3\postgresql-42.7.3.jar;C:\Users\arthu\.m2\repository\org\openjfx\javafx-controls\21\javafx-controls-21-win.jar;C:\Users\arthu\IdeaProjects\Java\code\ags-unissex-2.0\target\classes;C:\Users\arthu\.m2\repository\org\openjfx\javafx-fxml\21\javafx-fxml-21-win.jar;C:\Users\arthu\.m2\repository\org\slf4j\slf4j-api\1.7.36\slf4j-api-1.7.36.jar;C:\Users\arthu\.m2\repository\com\zaxxer\HikariCP\5.1.0\HikariCP-5.1.0.jar -Djdk.module.main=com.example com.example/com.example.App

Host: AMD Ryzen 5 4500 6-Core Processor              , 12 cores, 15G,  Windows 11 , 64 bit Build 26100 (10.0.26100.6725)
Time: Sun Nov  9 18:08:42 2025 Hora oficial do Brasil elapsed time: 1.090506 seconds (0d 0h 0m 1s)

---------------  T H R E A D  ---------------

Current thread (0x000001bca749cff0):  JavaThread "Unknown thread" [_thread_in_vm, id=24568, stack(0x000000390d200000,0x000000390d300000) (1024K)]

Stack: [0x000000390d200000,0x000000390d300000]
Native frames: (J=compiled Java code, j=interpreted, Vv=VM code, C=native code)
V  [jvm.dll+0x7a6a39]  (no source info available)
V  [jvm.dll+0x7727ed]  (no source info available)
V  [jvm.dll+0x965f33]  (no source info available)
V  [jvm.dll+0x968531]  (no source info available)
V  [jvm.dll+0x968c33]  (no source info available)
V  [jvm.dll+0x2fc756]  (no source info available)
V  [jvm.dll+0x7a2c65]  (no source info available)
V  [jvm.dll+0x796077]  (no source info available)
V  [jvm.dll+0x3f4698]  (no source info available)
V  [jvm.dll+0x3fc5b6]  (no source info available)
V  [jvm.dll+0x3e8c8e]  (no source info available)
V  [jvm.dll+0x3e8f48]  (no source info available)
V  [jvm.dll+0x3c0045]  (no source info available)
V  [jvm.dll+0x3c0cce]  (no source info available)
V  [jvm.dll+0x92c647]  (no source info available)
V  [jvm.dll+0x458b62]  (no source info available)
V  [jvm.dll+0x90fff2]  (no source info available)
V  [jvm.dll+0x4f9001]  (no source info available)
V  [jvm.dll+0x4fa891]  (no source info available)
C  [jli.dll+0x543e]  (no source info available)
C  [ucrtbase.dll+0x37b0]  (no source info available)
C  [KERNEL32.DLL+0x2e8d7]  (no source info available)
C  [ntdll.dll+0x8c53c]  (no source info available)

Lock stack of current Java thread (top to bottom):


---------------  P R O C E S S  ---------------

Threads class SMR info:
_java_thread_list=0x00007ffa0baf5308, length=0, elements={
}

Java Threads: ( => current thread )
Total: 0

Other Threads:
  0x000001bca7506ac0 WorkerThread "GC Thread#0"                     [id=22084, stack(0x000000390d300000,0x000000390d400000) (1024K)]
  0x000001bca751f9b0 ConcurrentGCThread "G1 Main Marker"            [id=23852, stack(0x000000390d400000,0x000000390d500000) (1024K)]
  0x000001bca7523e50 WorkerThread "G1 Conc#0"                       [id=15512, stack(0x000000390d500000,0x000000390d600000) (1024K)]

[error occurred during error reporting (printing all threads), id 0xc0000005, EXCEPTION_ACCESS_VIOLATION (0xc0000005) at pc=0x00007ffa0b1d4c2a]
VM state: not at safepoint (not fully initialized)

VM Mutex/Monitor currently owned by a thread:  ([mutex/lock_event])
[0x00007ffa0bb79628] Heap_lock - owner thread: 0x000001bca749cff0

Heap address: 0x0000000701a00000, size: 4070 MB, Compressed Oops mode: Zero based, Oop shift amount: 3

CDS archive(s) mapped at: [0x0000000000000000-0x0000000000000000-0x0000000000000000), size 0, SharedBaseAddress: 0x0000000800000000, ArchiveRelocationMode: 1.
UseCompressedClassPointers 1, UseCompactObjectHeaders 0
Narrow klass pointer bits 32, Max shift 3
Narrow klass base: 0xffffffffffffffff, Narrow klass shift: -1
Encoding Range: [0xffffffffffffffff - 0x000000007fffffff), (2147483648 bytes)
Klass Range:    [0x0000000000000000 - 0x0000000000000000), (0 bytes)
Klass ID Range:  [4294967295 - 0) (1)
No protection zone.

GC Precious Log:
 CardTable entry size: 512
 Card Set container configuration: InlinePtr #cards 4 size 8 Array Of Cards #cards 16 size 48 Howl #buckets 8 coarsen threshold 3686 Howl Bitmap #cards 512 size 80 coarsen threshold 460 Card regions per heap region 1 cards per card region 4096

Heap:
 garbage-first heap   total reserved 4167680K, committed 0K, used 0K [0x0000000701a00000, 0x0000000800000000)
  region size 2048K, 0 young (0K), 0 survivors (0K)

Heap Regions: E=young(eden), S=young(survivor), O=old, HS=humongous(starts), HC=humongous(continues), CS=collection set, F=free, TAMS=top-at-mark-start, PB=parsable bottom

Card table byte_map: [0x000001bcc0490000,0x000001bcc0c90000] _byte_map_base: 0x000001bcbcc83000

Marking Bits: (CMBitMap*) 0x000001bca7507250
 Bits: [0x000001bcc0c90000, 0x000001bcc4c28000)

GC Heap Usage History (0 events):
No events

Metaspace Usage History (0 events):
No events

Dll operation events (1 events):
Event: 0.012 Loaded shared library C:\Users\arthu\.jdks\openjdk-25\bin\java.dll

Deoptimization events (0 events):
No events

Classes loaded (0 events):
No events

Classes unloaded (0 events):
No events

Classes redefined (0 events):
No events

Internal exceptions (0 events):
No events

VM Operations (0 events):
No events

Memory protections (0 events):
No events

Nmethod flushes (0 events):
No events

Events (0 events):
No events


Dynamic libraries:
0x00007ff6f7070000 - 0x00007ff6f707e000 	C:\Users\arthu\.jdks\openjdk-25\bin\java.exe
0x00007ffabfb80000 - 0x00007ffabfde8000 	C:\WINDOWS\SYSTEM32\ntdll.dll
0x00007ffabe6e0000 - 0x00007ffabe7a9000 	C:\WINDOWS\System32\KERNEL32.DLL
0x00007ffabd080000 - 0x00007ffabd472000 	C:\WINDOWS\System32\KERNELBASE.dll
0x00007ffabd740000 - 0x00007ffabd88b000 	C:\WINDOWS\System32\ucrtbase.dll
0x00007ffaa7b50000 - 0x00007ffaa7b67000 	C:\Users\arthu\.jdks\openjdk-25\bin\jli.dll
0x00007ffaab220000 - 0x00007ffaab23e000 	C:\Users\arthu\.jdks\openjdk-25\bin\VCRUNTIME140.dll
0x00007ffabdaf0000 - 0x00007ffabdcb5000 	C:\WINDOWS\System32\USER32.dll
0x00007ffabd050000 - 0x00007ffabd077000 	C:\WINDOWS\System32\win32u.dll
0x00007ffabe7e0000 - 0x00007ffabe80b000 	C:\WINDOWS\System32\GDI32.dll
0x00007ffabcda0000 - 0x00007ffabcecd000 	C:\WINDOWS\System32\gdi32full.dll
0x00007ffaac800000 - 0x00007ffaaca93000 	C:\WINDOWS\WinSxS\amd64_microsoft.windows.common-controls_6595b64144ccf1df_6.0.26100.6899_none_3e0efeeae32e88c1\COMCTL32.dll
0x00007ffabd690000 - 0x00007ffabd733000 	C:\WINDOWS\System32\msvcp_win.dll
0x00007ffabf2c0000 - 0x00007ffabf369000 	C:\WINDOWS\System32\msvcrt.dll
0x00007ffabe290000 - 0x00007ffabe2bf000 	C:\WINDOWS\System32\IMM32.DLL
0x00007ffab6480000 - 0x00007ffab648c000 	C:\Users\arthu\.jdks\openjdk-25\bin\vcruntime140_1.dll
0x00007ffa8f610000 - 0x00007ffa8f69d000 	C:\Users\arthu\.jdks\openjdk-25\bin\msvcp140.dll
0x00007ffa0ae00000 - 0x00007ffa0bc5f000 	C:\Users\arthu\.jdks\openjdk-25\bin\server\jvm.dll
0x00007ffabe1d0000 - 0x00007ffabe284000 	C:\WINDOWS\System32\ADVAPI32.dll
0x00007ffabf8c0000 - 0x00007ffabf966000 	C:\WINDOWS\System32\sechost.dll
0x00007ffabd950000 - 0x00007ffabda68000 	C:\WINDOWS\System32\RPCRT4.dll
0x00007ffabe150000 - 0x00007ffabe1c4000 	C:\WINDOWS\System32\WS2_32.dll
0x00007ffabc9d0000 - 0x00007ffabca2e000 	C:\WINDOWS\SYSTEM32\POWRPROF.dll
0x00007ffab43c0000 - 0x00007ffab43f5000 	C:\WINDOWS\SYSTEM32\WINMM.dll
0x00007ffab62a0000 - 0x00007ffab62ab000 	C:\WINDOWS\SYSTEM32\VERSION.dll
0x00007ffabc9b0000 - 0x00007ffabc9c4000 	C:\WINDOWS\SYSTEM32\UMPDC.dll
0x00007ffabbab0000 - 0x00007ffabbacb000 	C:\WINDOWS\SYSTEM32\kernel.appcore.dll
0x00007ffaaefd0000 - 0x00007ffaaefda000 	C:\Users\arthu\.jdks\openjdk-25\bin\jimage.dll
0x00007ffaba2e0000 - 0x00007ffaba522000 	C:\WINDOWS\SYSTEM32\DBGHELP.DLL
0x00007ffabddd0000 - 0x00007ffabe14b000 	C:\WINDOWS\System32\combase.dll
0x00007ffabe500000 - 0x00007ffabe5d7000 	C:\WINDOWS\System32\OLEAUT32.dll
0x00007ffaa4ab0000 - 0x00007ffaa4aec000 	C:\WINDOWS\SYSTEM32\dbgcore.DLL
0x00007ffabd480000 - 0x00007ffabd518000 	C:\WINDOWS\System32\bcryptPrimitives.dll
0x00007ffab8dc0000 - 0x00007ffab8dd0000 	C:\Users\arthu\.jdks\openjdk-25\bin\instrument.dll
0x00007ffaa7ac0000 - 0x00007ffaa7adf000 	C:\Users\arthu\.jdks\openjdk-25\bin\java.dll
0x00007ffabe2d0000 - 0x00007ffabe468000 	C:\WINDOWS\System32\ole32.dll
0x00007ffabeb70000 - 0x00007ffabf2bd000 	C:\WINDOWS\System32\SHELL32.dll
0x00007ffabd520000 - 0x00007ffabd68b000 	C:\WINDOWS\System32\wintypes.dll

JVMTI agents:
D:\IntelliJ IDEA 2025.2.3\lib\idea_rt.jar path:none, loaded, not initialized, instrumentlib options:50698

dbghelp: loaded successfully - version: 4.0.5 - missing functions: none
symbol engine: initialized successfully - sym options: 0x614 - pdb path: .;C:\Users\arthu\.jdks\openjdk-25\bin;C:\WINDOWS\SYSTEM32;C:\WINDOWS\WinSxS\amd64_microsoft.windows.common-controls_6595b64144ccf1df_6.0.26100.6899_none_3e0efeeae32e88c1;C:\Users\arthu\.jdks\openjdk-25\bin\server

VM Arguments:
jvm_args: -javaagent:D:\IntelliJ IDEA 2025.2.3\lib\idea_rt.jar=50698 -Dfile.encoding=UTF-8 -Dsun.stdout.encoding=UTF-8 -Dsun.stderr.encoding=UTF-8 --module-path=C:\Users\arthu\.m2\repository\org\openjfx\javafx-graphics\21\javafx-graphics-21-win.jar;C:\Users\arthu\.m2\repository\io\github\cdimascio\dotenv-java\3.0.0\dotenv-java-3.0.0.jar;C:\Users\arthu\.m2\repository\org\openjfx\javafx-base\21\javafx-base-21-win.jar;C:\Users\arthu\.m2\repository\org\postgresql\postgresql\42.7.3\postgresql-42.7.3.jar;C:\Users\arthu\.m2\repository\org\openjfx\javafx-controls\21\javafx-controls-21-win.jar;C:\Users\arthu\IdeaProjects\Java\code\ags-unissex-2.0\target\classes;C:\Users\arthu\.m2\repository\org\openjfx\javafx-fxml\21\javafx-fxml-21-win.jar;C:\Users\arthu\.m2\repository\org\slf4j\slf4j-api\1.7.36\slf4j-api-1.7.36.jar;C:\Users\arthu\.m2\repository\com\zaxxer\HikariCP\5.1.0\HikariCP-5.1.0.jar -Djdk.module.main=com.example 
java_command: com.example/com.example.App
java_class_path (initial): C:\Users\arthu\.m2\repository\org\openjfx\javafx-controls\21\javafx-controls-21.jar;C:\Users\arthu\.m2\repository\org\openjfx\javafx-graphics\21\javafx-graphics-21.jar;C:\Users\arthu\.m2\repository\org\openjfx\javafx-base\21\javafx-base-21.jar;C:\Users\arthu\.m2\repository\org\openjfx\javafx-fxml\21\javafx-fxml-21.jar;C:\Users\arthu\.m2\repository\org\checkerframework\checker-qual\3.42.0\checker-qual-3.42.0.jar
Launcher Type: SUN_STANDARD

[Global flags]
     intx CICompilerCount                          = 4                                         {product} {ergonomic}
     uint ConcGCThreads                            = 3                                         {product} {ergonomic}
     uint G1ConcRefinementThreads                  = 10                                        {product} {ergonomic}
   size_t G1HeapRegionSize                         = 2097152                                   {product} {ergonomic}
   size_t InitialHeapSize                          = 268435456                                 {product} {ergonomic}
   size_t MarkStackSize                            = 4194304                                   {product} {ergonomic}
   size_t MarkStackSizeMax                         = 536870912                                 {product} {ergonomic}
   size_t MaxHeapSize                              = 4267704320                                {product} {ergonomic}
   size_t MinHeapDeltaBytes                        = 2097152                                   {product} {ergonomic}
   size_t MinHeapSize                              = 8388608                                   {product} {ergonomic}
    uintx NonNMethodCodeHeapSize                   = 5832704                                {pd product} {ergonomic}
    uintx NonProfiledCodeHeapSize                  = 122945536                              {pd product} {ergonomic}
     bool PerfDisableSharedMem                     = true                                      {product} {ergonomic}
    uintx ProfiledCodeHeapSize                     = 122880000                              {pd product} {ergonomic}
    uintx ReservedCodeCacheSize                    = 251658240                              {pd product} {ergonomic}
     bool SegmentedCodeCache                       = true                                      {product} {ergonomic}
   size_t SoftMaxHeapSize                          = 4267704320                             {manageable} {ergonomic}
     bool UseCompressedOops                        = true                           {product lp64_product} {ergonomic}
     bool UseG1GC                                  = true                                      {product} {ergonomic}
     bool UseLargePagesIndividualAllocation        = false                                  {pd product} {ergonomic}

Logging:
Log output configuration:
 #0: stdout all=warning uptime,level,tags foldmultilines=false
 #1: stderr all=off uptime,level,tags foldmultilines=false

Release file:
<release file has not been read>
Environment Variables:
PATH=C:\Program Files\Common Files\Oracle\Java\javapath;C:\Program Files (x86)\Common Files\Oracle\Java\java8path;C:\Program Files (x86)\Common Files\Oracle\Java\javapath;C:\WINDOWS\system32;C:\WINDOWS;C:\WINDOWS\System32\Wbem;C:\WINDOWS\System32\WindowsPowerShell\v1.0\;C:\WINDOWS\System32\OpenSSH\;C:\Program Files\nodejs\;C:\Program Files\Git\cmd;C:\Program Files\Docker\Docker\resources\bin;C:\Users\arthu\AppData\Local\Microsoft\WindowsApps;C:\Users\arthu\AppData\Local\Programs\Microsoft VS Code\bin;C:\Users\arthu\AppData\Roaming\npm;C:\Users\arthu\Downloads\openjfx-25_windows-x64_bin-sdk;C:\Users\arthu\Downloads\jdk-25_linux-x64_bin\jdk-25;
USERNAME=arthu
OS=Windows_NT
PROCESSOR_IDENTIFIER=AMD64 Family 23 Model 96 Stepping 1, AuthenticAMD
TMP=C:\Users\arthu\AppData\Local\Temp
TEMP=C:\Users\arthu\AppData\Local\Temp




Compilation memory statistics disabled.

Periodic native trim disabled

---------------  S Y S T E M  ---------------

OS:
 Windows 11 , 64 bit Build 26100 (10.0.26100.6725)
OS uptime: 0 days 1:19 hours
Hyper-V role detected

CPU: total 12 (initial active 12) (12 cores per cpu, 2 threads per core) family 23 model 96 stepping 1 microcode 0x8600106, cx8, cmov, fxsr, ht, mmx, 3dnowpref, sse, sse2, sse3, ssse3, sse4a, sse4.1, sse4.2, popcnt, lzcnt, tsc, tscinvbit, avx, avx2, aes, clmul, bmi1, bmi2, adx, sha, fma, vzeroupper, clflush, clflushopt, clwb, hv, rdtscp, rdpid, f16c
Processor Information for the first 12 processors :
  Max Mhz: 3600, Current Mhz: 3600, Mhz Limit: 3600

Memory: 4k page, system-wide physical 16274M (1910M free)
TotalPageFile size 31447M (AvailPageFile size 136M)
current process WorkingSet (physical memory assigned to process): 14M, peak: 14M
current process commit charge ("private bytes"): 65M, peak: 321M

vm_info: OpenJDK 64-Bit Server VM (25+36-3489) for windows-amd64 JRE (25+36-3489), built on 2025-08-12T17:19:28Z with unknown MS VC++:1943

END.
